{"numTotalTestSuites":40,"numPassedTestSuites":40,"numFailedTestSuites":0,"numPendingTestSuites":0,"numTotalTests":46,"numPassedTests":46,"numFailedTests":0,"numPendingTests":0,"numTodoTests":0,"snapshot":{"added":0,"failure":false,"filesAdded":0,"filesRemoved":0,"filesRemovedList":[],"filesUnmatched":0,"filesUpdated":0,"matched":0,"total":0,"unchecked":0,"uncheckedKeysByFile":[],"unmatched":0,"updated":0,"didUpdate":false},"startTime":1769311803477,"success":true,"testResults":[{"assertionResults":[{"ancestorTitles":["Sidebar Menu"],"fullName":"Sidebar Menu navigates to Opportunities without full reload","status":"passed","title":"navigates to Opportunities without full reload","duration":190.90039999999954,"failureMessages":[],"location":{"line":34,"column":5},"meta":{}}],"startTime":1769311811088,"endTime":1769311811278.9004,"status":"passed","message":"","name":"D:/SAUD - HPT CRM/leadify-frontend-main/test/Menu.test.ts"},{"assertionResults":[{"ancestorTitles":["Opportunity Page"],"fullName":"Opportunity Page mounts without crashing","status":"passed","title":"mounts without crashing","duration":287.2010999999993,"failureMessages":[],"location":{"line":54,"column":5},"meta":{}}],"startTime":1769311817090,"endTime":1769311817377.2012,"status":"passed","message":"","name":"D:/SAUD - HPT CRM/leadify-frontend-main/test/Opportunity.test.ts"},{"assertionResults":[{"ancestorTitles":["useApiFetch"],"fullName":"useApiFetch should include Authorization header when token exists","status":"passed","title":"should include Authorization header when token exists","duration":3.352899999999863,"failureMessages":[],"location":{"line":27,"column":5},"meta":{}},{"ancestorTitles":["useApiFetch"],"fullName":"useApiFetch should handle 422 validation errors correctly","status":"passed","title":"should handle 422 validation errors correctly","duration":0.9068999999999505,"failureMessages":[],"location":{"line":36,"column":5},"meta":{}},{"ancestorTitles":["useApiFetch"],"fullName":"useApiFetch should handle 500 server errors correctly","status":"passed","title":"should handle 500 server errors correctly","duration":0.6080000000001746,"failureMessages":[],"location":{"line":48,"column":5},"meta":{}}],"startTime":1769311817234,"endTime":1769311817239.608,"status":"passed","message":"","name":"D:/SAUD - HPT CRM/leadify-frontend-main/test/api/useApiFetch.test.ts"},{"assertionResults":[{"ancestorTitles":["useOpportunity","getOpportunities"],"fullName":"useOpportunity getOpportunities should fetch opportunities successfully","status":"passed","title":"should fetch opportunities successfully","duration":6.433700000000044,"failureMessages":[],"location":{"line":19,"column":9},"meta":{}},{"ancestorTitles":["useOpportunity","getOpportunities"],"fullName":"useOpportunity getOpportunities should fetch ALL opportunities when argument is true","status":"passed","title":"should fetch ALL opportunities when argument is true","duration":0.6377000000002226,"failureMessages":[],"location":{"line":39,"column":9},"meta":{}},{"ancestorTitles":["useOpportunity","getOpportunities"],"fullName":"useOpportunity getOpportunities should handle API errors gracefully","status":"passed","title":"should handle API errors gracefully","duration":2.126800000000003,"failureMessages":[],"location":{"line":50,"column":9},"meta":{}},{"ancestorTitles":["useOpportunity","createOpportunity"],"fullName":"useOpportunity createOpportunity should create opportunity successfully","status":"passed","title":"should create opportunity successfully","duration":1.234299999999621,"failureMessages":[],"location":{"line":67,"column":9},"meta":{}}],"startTime":1769311814433,"endTime":1769311814444.2344,"status":"passed","message":"","name":"D:/SAUD - HPT CRM/leadify-frontend-main/test/composables/useOpportunity.test.ts"},{"assertionResults":[{"ancestorTitles":["API Security Integration"],"fullName":"API Security Integration should include Authorization header in requests","status":"passed","title":"should include Authorization header in requests","duration":1.8144999999999527,"failureMessages":[],"location":{"line":9,"column":5},"meta":{}},{"ancestorTitles":["API Security Integration"],"fullName":"API Security Integration should restrict access to different tenant data (simulated)","status":"passed","title":"should restrict access to different tenant data (simulated)","duration":0.34409999999979846,"failureMessages":[],"location":{"line":19,"column":5},"meta":{}}],"startTime":1769311822326,"endTime":1769311822328.344,"status":"passed","message":"","name":"D:/SAUD - HPT CRM/leadify-frontend-main/test/integration/ApiSecurity.test.ts"},{"assertionResults":[{"ancestorTitles":["Multi-Tenant & Auth Route Guards"],"fullName":"Multi-Tenant & Auth Route Guards should redirect unauthenticated users to login","status":"passed","title":"should redirect unauthenticated users to login","duration":2.65079999999989,"failureMessages":[],"location":{"line":34,"column":5},"meta":{}},{"ancestorTitles":["Multi-Tenant & Auth Route Guards"],"fullName":"Multi-Tenant & Auth Route Guards should allow access to public routes without token","status":"passed","title":"should allow access to public routes without token","duration":0.5246999999999389,"failureMessages":[],"location":{"line":43,"column":5},"meta":{}},{"ancestorTitles":["Multi-Tenant & Auth Route Guards"],"fullName":"Multi-Tenant & Auth Route Guards should block users without specific permissions","status":"passed","title":"should block users without specific permissions","duration":0.3686999999999898,"failureMessages":[],"location":{"line":52,"column":5},"meta":{}}],"startTime":1769311813207,"endTime":1769311813211.3687,"status":"passed","message":"","name":"D:/SAUD - HPT CRM/leadify-frontend-main/test/middleware/routeGuards.test.ts"},{"assertionResults":[{"ancestorTitles":["Daily Tasks Module"],"fullName":"Daily Tasks Module should fetch tasks","status":"passed","title":"should fetch tasks","duration":2.199999999999818,"failureMessages":[],"location":{"line":25,"column":5},"meta":{}},{"ancestorTitles":["Daily Tasks Module"],"fullName":"Daily Tasks Module should create a task","status":"passed","title":"should create a task","duration":0.748700000000099,"failureMessages":[],"location":{"line":30,"column":5},"meta":{}}],"startTime":1769311821709,"endTime":1769311821711.7488,"status":"passed","message":"","name":"D:/SAUD - HPT CRM/leadify-frontend-main/test/modules/dailytasks.test.ts"},{"assertionResults":[{"ancestorTitles":["Deals Module"],"fullName":"Deals Module should fetch deals successfully","status":"passed","title":"should fetch deals successfully","duration":2.329099999999926,"failureMessages":[],"location":{"line":25,"column":5},"meta":{}},{"ancestorTitles":["Deals Module"],"fullName":"Deals Module should create a deal","status":"passed","title":"should create a deal","duration":2.213300000000345,"failureMessages":[],"location":{"line":32,"column":5},"meta":{}}],"startTime":1769311818295,"endTime":1769311818299.2134,"status":"passed","message":"","name":"D:/SAUD - HPT CRM/leadify-frontend-main/test/modules/deals.test.ts"},{"assertionResults":[{"ancestorTitles":["Leads Module"],"fullName":"Leads Module should fetch leads successfully","status":"passed","title":"should fetch leads successfully","duration":3.1636000000000877,"failureMessages":[],"location":{"line":27,"column":5},"meta":{}},{"ancestorTitles":["Leads Module"],"fullName":"Leads Module should create a lead successfully","status":"passed","title":"should create a lead successfully","duration":0.7349999999999,"failureMessages":[],"location":{"line":33,"column":5},"meta":{}}],"startTime":1769311820095,"endTime":1769311820099.735,"status":"passed","message":"","name":"D:/SAUD - HPT CRM/leadify-frontend-main/test/modules/leads.test.ts"},{"assertionResults":[{"ancestorTitles":["Module: Operations (Project Workflow)"],"fullName":"Module: Operations (Project Workflow) should update project status from Pending to In Progress","status":"passed","title":"should update project status from Pending to In Progress","duration":1.927900000000136,"failureMessages":[],"location":{"line":27,"column":5},"meta":{}},{"ancestorTitles":["Module: Operations (Project Workflow)"],"fullName":"Module: Operations (Project Workflow) should correctly assign a User ID to a Task","status":"passed","title":"should correctly assign a User ID to a Task","duration":0.39390000000003056,"failureMessages":[],"location":{"line":39,"column":5},"meta":{}}],"startTime":1769311821707,"endTime":1769311821709.3938,"status":"passed","message":"","name":"D:/SAUD - HPT CRM/leadify-frontend-main/test/modules/operations.test.ts"},{"assertionResults":[{"ancestorTitles":["Opportunity Business Logic"],"fullName":"Opportunity Business Logic should fetch opportunities and format dates","status":"passed","title":"should fetch opportunities and format dates","duration":226.25440000000071,"failureMessages":[],"location":{"line":15,"column":5},"meta":{}},{"ancestorTitles":["Opportunity Business Logic"],"fullName":"Opportunity Business Logic should handle creation validation failure","status":"passed","title":"should handle creation validation failure","duration":89.76789999999983,"failureMessages":[],"location":{"line":21,"column":5},"meta":{}}],"startTime":1769311815072,"endTime":1769311815387.7678,"status":"passed","message":"","name":"D:/SAUD - HPT CRM/leadify-frontend-main/test/modules/opportunities.test.ts"},{"assertionResults":[{"ancestorTitles":["Project Module Integration"],"fullName":"Project Module Integration should validate required fields in Project Info","status":"passed","title":"should validate required fields in Project Info","duration":239.7467999999999,"failureMessages":[],"location":{"line":18,"column":5},"meta":{}},{"ancestorTitles":["Project Module Integration"],"fullName":"Project Module Integration should identify missing pre-fill logic from Opportunity","status":"passed","title":"should identify missing pre-fill logic from Opportunity","duration":0.625,"failureMessages":[],"location":{"line":38,"column":5},"meta":{}}],"startTime":1769311810939,"endTime":1769311811179.625,"status":"passed","message":"","name":"D:/SAUD - HPT CRM/leadify-frontend-main/test/modules/projects.test.ts"},{"assertionResults":[{"ancestorTitles":["Module: Proposals"],"fullName":"Module: Proposals should correctly calculate the total price of items","status":"passed","title":"should correctly calculate the total price of items","duration":2.0919000000001233,"failureMessages":[],"location":{"line":33,"column":5},"meta":{}},{"ancestorTitles":["Module: Proposals"],"fullName":"Module: Proposals should allow status transition from Draft to Sent","status":"passed","title":"should allow status transition from Draft to Sent","duration":0.4778000000001157,"failureMessages":[],"location":{"line":51,"column":5},"meta":{}}],"startTime":1769311819404,"endTime":1769311819406.4778,"status":"passed","message":"","name":"D:/SAUD - HPT CRM/leadify-frontend-main/test/modules/proposals.test.ts"},{"assertionResults":[{"ancestorTitles":["Staff Module"],"fullName":"Staff Module should fetch staff members","status":"passed","title":"should fetch staff members","duration":2.6358999999999924,"failureMessages":[],"location":{"line":29,"column":5},"meta":{}},{"ancestorTitles":["Staff Module"],"fullName":"Staff Module should create a staff member","status":"passed","title":"should create a staff member","duration":0.6662999999998647,"failureMessages":[],"location":{"line":35,"column":5},"meta":{}}],"startTime":1769311819349,"endTime":1769311819352.6663,"status":"passed","message":"","name":"D:/SAUD - HPT CRM/leadify-frontend-main/test/modules/staff.test.ts"},{"assertionResults":[{"ancestorTitles":["Leads List Page (Production Ready)"],"fullName":"Leads List Page (Production Ready) renders the table with correct leads data","status":"passed","title":"renders the table with correct leads data","duration":160.5668999999998,"failureMessages":[],"location":{"line":124,"column":5},"meta":{}},{"ancestorTitles":["Leads List Page (Production Ready)"],"fullName":"Leads List Page (Production Ready) shows \"New Lead\" button for Admin (Permission Granted)","status":"passed","title":"shows \"New Lead\" button for Admin (Permission Granted)","duration":42.07719999999972,"failureMessages":[],"location":{"line":142,"column":5},"meta":{}},{"ancestorTitles":["Leads List Page (Production Ready)"],"fullName":"Leads List Page (Production Ready) hides \"New Lead\" button for Restricted User (Permission Denied)","status":"passed","title":"hides \"New Lead\" button for Restricted User (Permission Denied)","duration":6.207599999999729,"failureMessages":[],"location":{"line":149,"column":5},"meta":{}},{"ancestorTitles":["Leads List Page (Production Ready)"],"fullName":"Leads List Page (Production Ready) displays \"No Leads Found\" state when API returns empty list","status":"passed","title":"displays \"No Leads Found\" state when API returns empty list","duration":12.807300000000396,"failureMessages":[],"location":{"line":165,"column":5},"meta":{}}],"startTime":1769311812075,"endTime":1769311812296.8074,"status":"passed","message":"","name":"D:/SAUD - HPT CRM/leadify-frontend-main/test/sales/LeadsList.test.ts"},{"assertionResults":[{"ancestorTitles":["Security: Roles Matrix"],"fullName":"Security: Roles Matrix should BLOCK a Sales Agent from deleting a project","status":"passed","title":"should BLOCK a Sales Agent from deleting a project","duration":3.1455000000000837,"failureMessages":[],"location":{"line":22,"column":5},"meta":{}},{"ancestorTitles":["Security: Roles Matrix"],"fullName":"Security: Roles Matrix should ALLOW an Admin to delete a project","status":"passed","title":"should ALLOW an Admin to delete a project","duration":0.5597999999999956,"failureMessages":[],"location":{"line":29,"column":5},"meta":{}}],"startTime":1769311817998,"endTime":1769311818001.5598,"status":"passed","message":"","name":"D:/SAUD - HPT CRM/leadify-frontend-main/test/security/roles-matrix.test.ts"},{"assertionResults":[{"ancestorTitles":["Component: OpportunityValidation"],"fullName":"Component: OpportunityValidation should fail if Title is missing","status":"passed","title":"should fail if Title is missing","duration":2.78670000000011,"failureMessages":[],"location":{"line":29,"column":5},"meta":{}},{"ancestorTitles":["Component: OpportunityValidation"],"fullName":"Component: OpportunityValidation should fail if Budget is missing","status":"passed","title":"should fail if Budget is missing","duration":0.49739999999974316,"failureMessages":[],"location":{"line":37,"column":5},"meta":{}},{"ancestorTitles":["Component: OpportunityValidation"],"fullName":"Component: OpportunityValidation should pass if both Title and Budget are present","status":"passed","title":"should pass if both Title and Budget are present","duration":1.2537999999999556,"failureMessages":[],"location":{"line":45,"column":5},"meta":{}}],"startTime":1769311815416,"endTime":1769311815421.254,"status":"passed","message":"","name":"D:/SAUD - HPT CRM/leadify-frontend-main/test/components/opportunity/OpportunityValidation.test.ts"},{"assertionResults":[{"ancestorTitles":["Component: ProjectInfo (Date Logic)"],"fullName":"Component: ProjectInfo (Date Logic) should fail if End Date is before Start Date","status":"passed","title":"should fail if End Date is before Start Date","duration":2.085399999999936,"failureMessages":[],"location":{"line":21,"column":5},"meta":{}},{"ancestorTitles":["Component: ProjectInfo (Date Logic)"],"fullName":"Component: ProjectInfo (Date Logic) should pass if End Date is after Start Date","status":"passed","title":"should pass if End Date is after Start Date","duration":0.396900000000187,"failureMessages":[],"location":{"line":31,"column":5},"meta":{}},{"ancestorTitles":["Component: ProjectInfo (Date Logic)"],"fullName":"Component: ProjectInfo (Date Logic) should pass if End Date is same as Start Date (Same Day Delivery)","status":"passed","title":"should pass if End Date is same as Start Date (Same Day Delivery)","duration":0.309099999999944,"failureMessages":[],"location":{"line":40,"column":5},"meta":{}}],"startTime":1769311820607,"endTime":1769311820610.309,"status":"passed","message":"","name":"D:/SAUD - HPT CRM/leadify-frontend-main/test/components/projects/ProjectInfo.test.ts"},{"assertionResults":[{"ancestorTitles":["ReactEditor Integration"],"fullName":"ReactEditor Integration constructs correct URL for CREATE mode with token","status":"passed","title":"constructs correct URL for CREATE mode with token","duration":96.20370000000003,"failureMessages":[],"location":{"line":59,"column":5},"meta":{}},{"ancestorTitles":["ReactEditor Integration"],"fullName":"ReactEditor Integration constructs correct URL for EDIT mode","status":"passed","title":"constructs correct URL for EDIT mode","duration":13.64890000000014,"failureMessages":[],"location":{"line":72,"column":5},"meta":{}},{"ancestorTitles":["ReactEditor Integration"],"fullName":"ReactEditor Integration handles PROPOSAL_SAVED message correctly","status":"passed","title":"handles PROPOSAL_SAVED message correctly","duration":10.232199999999466,"failureMessages":[],"location":{"line":80,"column":5},"meta":{}},{"ancestorTitles":["ReactEditor Integration"],"fullName":"ReactEditor Integration ignores messages from unknown origins (Security)","status":"passed","title":"ignores messages from unknown origins (Security)","duration":12.29359999999997,"failureMessages":[],"location":{"line":94,"column":5},"meta":{}}],"startTime":1769311809859,"endTime":1769311809992.2937,"status":"passed","message":"","name":"D:/SAUD - HPT CRM/leadify-frontend-main/test/sales/proposals/ReactEditor.test.ts"}]}