{"numTotalTestSuites":40,"numPassedTestSuites":40,"numFailedTestSuites":0,"numPendingTestSuites":0,"numTotalTests":46,"numPassedTests":46,"numFailedTests":0,"numPendingTests":0,"numTodoTests":0,"snapshot":{"added":0,"failure":false,"filesAdded":0,"filesRemoved":0,"filesRemovedList":[],"filesUnmatched":0,"filesUpdated":0,"matched":0,"total":0,"unchecked":0,"uncheckedKeysByFile":[],"unmatched":0,"updated":0,"didUpdate":false},"startTime":1769316864826,"success":true,"testResults":[{"assertionResults":[{"ancestorTitles":["Sidebar Menu"],"fullName":"Sidebar Menu navigates to Opportunities without full reload","status":"passed","title":"navigates to Opportunities without full reload","duration":238.90099999999984,"failureMessages":[],"location":{"line":34,"column":5},"meta":{}}],"startTime":1769316877273,"endTime":1769316877511.901,"status":"passed","message":"","name":"D:/SAUD - HPT CRM/leadify-frontend-main/test/Menu.test.ts"},{"assertionResults":[{"ancestorTitles":["Opportunity Page"],"fullName":"Opportunity Page mounts without crashing","status":"passed","title":"mounts without crashing","duration":115.03499999999985,"failureMessages":[],"location":{"line":54,"column":5},"meta":{}}],"startTime":1769316877128,"endTime":1769316877243.035,"status":"passed","message":"","name":"D:/SAUD - HPT CRM/leadify-frontend-main/test/Opportunity.test.ts"},{"assertionResults":[{"ancestorTitles":["useApiFetch"],"fullName":"useApiFetch should include Authorization header when token exists","status":"passed","title":"should include Authorization header when token exists","duration":3.0855000000001382,"failureMessages":[],"location":{"line":27,"column":5},"meta":{}},{"ancestorTitles":["useApiFetch"],"fullName":"useApiFetch should handle 422 validation errors correctly","status":"passed","title":"should handle 422 validation errors correctly","duration":0.8141000000000531,"failureMessages":[],"location":{"line":36,"column":5},"meta":{}},{"ancestorTitles":["useApiFetch"],"fullName":"useApiFetch should handle 500 server errors correctly","status":"passed","title":"should handle 500 server errors correctly","duration":0.5543999999999869,"failureMessages":[],"location":{"line":48,"column":5},"meta":{}}],"startTime":1769316879756,"endTime":1769316879761.5544,"status":"passed","message":"","name":"D:/SAUD - HPT CRM/leadify-frontend-main/test/api/useApiFetch.test.ts"},{"assertionResults":[{"ancestorTitles":["useOpportunity","getOpportunities"],"fullName":"useOpportunity getOpportunities should fetch opportunities successfully","status":"passed","title":"should fetch opportunities successfully","duration":7.300099999999929,"failureMessages":[],"location":{"line":19,"column":9},"meta":{}},{"ancestorTitles":["useOpportunity","getOpportunities"],"fullName":"useOpportunity getOpportunities should fetch ALL opportunities when argument is true","status":"passed","title":"should fetch ALL opportunities when argument is true","duration":0.6176000000000386,"failureMessages":[],"location":{"line":39,"column":9},"meta":{}},{"ancestorTitles":["useOpportunity","getOpportunities"],"fullName":"useOpportunity getOpportunities should handle API errors gracefully","status":"passed","title":"should handle API errors gracefully","duration":1.9587000000001353,"failureMessages":[],"location":{"line":50,"column":9},"meta":{}},{"ancestorTitles":["useOpportunity","createOpportunity"],"fullName":"useOpportunity createOpportunity should create opportunity successfully","status":"passed","title":"should create opportunity successfully","duration":1.1071999999999207,"failureMessages":[],"location":{"line":67,"column":9},"meta":{}}],"startTime":1769316877849,"endTime":1769316877860.1072,"status":"passed","message":"","name":"D:/SAUD - HPT CRM/leadify-frontend-main/test/composables/useOpportunity.test.ts"},{"assertionResults":[{"ancestorTitles":["API Security Integration"],"fullName":"API Security Integration should include Authorization header in requests","status":"passed","title":"should include Authorization header in requests","duration":1.7770000000000437,"failureMessages":[],"location":{"line":9,"column":5},"meta":{}},{"ancestorTitles":["API Security Integration"],"fullName":"API Security Integration should restrict access to different tenant data (simulated)","status":"passed","title":"should restrict access to different tenant data (simulated)","duration":0.340900000000147,"failureMessages":[],"location":{"line":19,"column":5},"meta":{}}],"startTime":1769316882608,"endTime":1769316882610.3408,"status":"passed","message":"","name":"D:/SAUD - HPT CRM/leadify-frontend-main/test/integration/ApiSecurity.test.ts"},{"assertionResults":[{"ancestorTitles":["Multi-Tenant & Auth Route Guards"],"fullName":"Multi-Tenant & Auth Route Guards should redirect unauthenticated users to login","status":"passed","title":"should redirect unauthenticated users to login","duration":3.2395000000001346,"failureMessages":[],"location":{"line":34,"column":5},"meta":{}},{"ancestorTitles":["Multi-Tenant & Auth Route Guards"],"fullName":"Multi-Tenant & Auth Route Guards should allow access to public routes without token","status":"passed","title":"should allow access to public routes without token","duration":0.5554999999999382,"failureMessages":[],"location":{"line":43,"column":5},"meta":{}},{"ancestorTitles":["Multi-Tenant & Auth Route Guards"],"fullName":"Multi-Tenant & Auth Route Guards should block users without specific permissions","status":"passed","title":"should block users without specific permissions","duration":0.3605999999999767,"failureMessages":[],"location":{"line":52,"column":5},"meta":{}}],"startTime":1769316882676,"endTime":1769316882680.3606,"status":"passed","message":"","name":"D:/SAUD - HPT CRM/leadify-frontend-main/test/middleware/routeGuards.test.ts"},{"assertionResults":[{"ancestorTitles":["Daily Tasks Module"],"fullName":"Daily Tasks Module should fetch tasks","status":"passed","title":"should fetch tasks","duration":2.5242000000002918,"failureMessages":[],"location":{"line":25,"column":5},"meta":{}},{"ancestorTitles":["Daily Tasks Module"],"fullName":"Daily Tasks Module should create a task","status":"passed","title":"should create a task","duration":0.7471000000000458,"failureMessages":[],"location":{"line":30,"column":5},"meta":{}}],"startTime":1769316885511,"endTime":1769316885513.747,"status":"passed","message":"","name":"D:/SAUD - HPT CRM/leadify-frontend-main/test/modules/dailytasks.test.ts"},{"assertionResults":[{"ancestorTitles":["Deals Module"],"fullName":"Deals Module should fetch deals successfully","status":"passed","title":"should fetch deals successfully","duration":2.8057000000003427,"failureMessages":[],"location":{"line":25,"column":5},"meta":{}},{"ancestorTitles":["Deals Module"],"fullName":"Deals Module should create a deal","status":"passed","title":"should create a deal","duration":0.7334999999998217,"failureMessages":[],"location":{"line":32,"column":5},"meta":{}}],"startTime":1769316880110,"endTime":1769316880113.7334,"status":"passed","message":"","name":"D:/SAUD - HPT CRM/leadify-frontend-main/test/modules/deals.test.ts"},{"assertionResults":[{"ancestorTitles":["Leads Module"],"fullName":"Leads Module should fetch leads successfully","status":"passed","title":"should fetch leads successfully","duration":2.190399999999954,"failureMessages":[],"location":{"line":27,"column":5},"meta":{}},{"ancestorTitles":["Leads Module"],"fullName":"Leads Module should create a lead successfully","status":"passed","title":"should create a lead successfully","duration":0.8076999999998407,"failureMessages":[],"location":{"line":33,"column":5},"meta":{}}],"startTime":1769316882559,"endTime":1769316882561.8076,"status":"passed","message":"","name":"D:/SAUD - HPT CRM/leadify-frontend-main/test/modules/leads.test.ts"},{"assertionResults":[{"ancestorTitles":["Module: Operations (Project Workflow)"],"fullName":"Module: Operations (Project Workflow) should update project status from Pending to In Progress","status":"passed","title":"should update project status from Pending to In Progress","duration":1.9518999999995685,"failureMessages":[],"location":{"line":27,"column":5},"meta":{}},{"ancestorTitles":["Module: Operations (Project Workflow)"],"fullName":"Module: Operations (Project Workflow) should correctly assign a User ID to a Task","status":"passed","title":"should correctly assign a User ID to a Task","duration":0.3850999999999658,"failureMessages":[],"location":{"line":39,"column":5},"meta":{}}],"startTime":1769316885499,"endTime":1769316885501.385,"status":"passed","message":"","name":"D:/SAUD - HPT CRM/leadify-frontend-main/test/modules/operations.test.ts"},{"assertionResults":[{"ancestorTitles":["Opportunity Business Logic"],"fullName":"Opportunity Business Logic should fetch opportunities and format dates","status":"passed","title":"should fetch opportunities and format dates","duration":169.42619999999988,"failureMessages":[],"location":{"line":15,"column":5},"meta":{}},{"ancestorTitles":["Opportunity Business Logic"],"fullName":"Opportunity Business Logic should handle creation validation failure","status":"passed","title":"should handle creation validation failure","duration":19.161299999999756,"failureMessages":[],"location":{"line":21,"column":5},"meta":{}}],"startTime":1769316870935,"endTime":1769316871123.1614,"status":"passed","message":"","name":"D:/SAUD - HPT CRM/leadify-frontend-main/test/modules/opportunities.test.ts"},{"assertionResults":[{"ancestorTitles":["Project Module Integration"],"fullName":"Project Module Integration should validate required fields in Project Info","status":"passed","title":"should validate required fields in Project Info","duration":201.8741,"failureMessages":[],"location":{"line":18,"column":5},"meta":{}},{"ancestorTitles":["Project Module Integration"],"fullName":"Project Module Integration should identify missing pre-fill logic from Opportunity","status":"passed","title":"should identify missing pre-fill logic from Opportunity","duration":4.13590000000022,"failureMessages":[],"location":{"line":38,"column":5},"meta":{}}],"startTime":1769316871087,"endTime":1769316871293.136,"status":"passed","message":"","name":"D:/SAUD - HPT CRM/leadify-frontend-main/test/modules/projects.test.ts"},{"assertionResults":[{"ancestorTitles":["Module: Proposals"],"fullName":"Module: Proposals should correctly calculate the total price of items","status":"passed","title":"should correctly calculate the total price of items","duration":2.727600000000166,"failureMessages":[],"location":{"line":33,"column":5},"meta":{}},{"ancestorTitles":["Module: Proposals"],"fullName":"Module: Proposals should allow status transition from Draft to Sent","status":"passed","title":"should allow status transition from Draft to Sent","duration":0.6195999999999913,"failureMessages":[],"location":{"line":51,"column":5},"meta":{}}],"startTime":1769316885439,"endTime":1769316885442.6196,"status":"passed","message":"","name":"D:/SAUD - HPT CRM/leadify-frontend-main/test/modules/proposals.test.ts"},{"assertionResults":[{"ancestorTitles":["Staff Module"],"fullName":"Staff Module should fetch staff members","status":"passed","title":"should fetch staff members","duration":2.40729999999985,"failureMessages":[],"location":{"line":29,"column":5},"meta":{}},{"ancestorTitles":["Staff Module"],"fullName":"Staff Module should create a staff member","status":"passed","title":"should create a staff member","duration":0.5671999999999571,"failureMessages":[],"location":{"line":35,"column":5},"meta":{}}],"startTime":1769316882644,"endTime":1769316882647.5671,"status":"passed","message":"","name":"D:/SAUD - HPT CRM/leadify-frontend-main/test/modules/staff.test.ts"},{"assertionResults":[{"ancestorTitles":["Leads List Page (Production Ready)"],"fullName":"Leads List Page (Production Ready) renders the table with correct leads data","status":"passed","title":"renders the table with correct leads data","duration":145.95919999999933,"failureMessages":[],"location":{"line":124,"column":5},"meta":{}},{"ancestorTitles":["Leads List Page (Production Ready)"],"fullName":"Leads List Page (Production Ready) shows \"New Lead\" button for Admin (Permission Granted)","status":"passed","title":"shows \"New Lead\" button for Admin (Permission Granted)","duration":34.258200000000215,"failureMessages":[],"location":{"line":142,"column":5},"meta":{}},{"ancestorTitles":["Leads List Page (Production Ready)"],"fullName":"Leads List Page (Production Ready) hides \"New Lead\" button for Restricted User (Permission Denied)","status":"passed","title":"hides \"New Lead\" button for Restricted User (Permission Denied)","duration":19.165800000000672,"failureMessages":[],"location":{"line":149,"column":5},"meta":{}},{"ancestorTitles":["Leads List Page (Production Ready)"],"fullName":"Leads List Page (Production Ready) displays \"No Leads Found\" state when API returns empty list","status":"passed","title":"displays \"No Leads Found\" state when API returns empty list","duration":62.83929999999964,"failureMessages":[],"location":{"line":165,"column":5},"meta":{}}],"startTime":1769316877325,"endTime":1769316877587.8394,"status":"passed","message":"","name":"D:/SAUD - HPT CRM/leadify-frontend-main/test/sales/LeadsList.test.ts"},{"assertionResults":[{"ancestorTitles":["Security: Roles Matrix"],"fullName":"Security: Roles Matrix should BLOCK a Sales Agent from deleting a project","status":"passed","title":"should BLOCK a Sales Agent from deleting a project","duration":2.9575999999997293,"failureMessages":[],"location":{"line":22,"column":5},"meta":{}},{"ancestorTitles":["Security: Roles Matrix"],"fullName":"Security: Roles Matrix should ALLOW an Admin to delete a project","status":"passed","title":"should ALLOW an Admin to delete a project","duration":0.5583000000001448,"failureMessages":[],"location":{"line":29,"column":5},"meta":{}}],"startTime":1769316880306,"endTime":1769316880309.5583,"status":"passed","message":"","name":"D:/SAUD - HPT CRM/leadify-frontend-main/test/security/roles-matrix.test.ts"},{"assertionResults":[{"ancestorTitles":["Component: OpportunityValidation"],"fullName":"Component: OpportunityValidation should fail if Title is missing","status":"passed","title":"should fail if Title is missing","duration":1.9141999999997097,"failureMessages":[],"location":{"line":29,"column":5},"meta":{}},{"ancestorTitles":["Component: OpportunityValidation"],"fullName":"Component: OpportunityValidation should fail if Budget is missing","status":"passed","title":"should fail if Budget is missing","duration":0.5322000000001026,"failureMessages":[],"location":{"line":37,"column":5},"meta":{}},{"ancestorTitles":["Component: OpportunityValidation"],"fullName":"Component: OpportunityValidation should pass if both Title and Budget are present","status":"passed","title":"should pass if both Title and Budget are present","duration":1.7941000000000713,"failureMessages":[],"location":{"line":45,"column":5},"meta":{}}],"startTime":1769316880148,"endTime":1769316880151.7942,"status":"passed","message":"","name":"D:/SAUD - HPT CRM/leadify-frontend-main/test/components/opportunity/OpportunityValidation.test.ts"},{"assertionResults":[{"ancestorTitles":["Component: ProjectInfo (Date Logic)"],"fullName":"Component: ProjectInfo (Date Logic) should fail if End Date is before Start Date","status":"passed","title":"should fail if End Date is before Start Date","duration":2.409599999999955,"failureMessages":[],"location":{"line":21,"column":5},"meta":{}},{"ancestorTitles":["Component: ProjectInfo (Date Logic)"],"fullName":"Component: ProjectInfo (Date Logic) should pass if End Date is after Start Date","status":"passed","title":"should pass if End Date is after Start Date","duration":0.41129999999975553,"failureMessages":[],"location":{"line":31,"column":5},"meta":{}},{"ancestorTitles":["Component: ProjectInfo (Date Logic)"],"fullName":"Component: ProjectInfo (Date Logic) should pass if End Date is same as Start Date (Same Day Delivery)","status":"passed","title":"should pass if End Date is same as Start Date (Same Day Delivery)","duration":0.3198000000002139,"failureMessages":[],"location":{"line":40,"column":5},"meta":{}}],"startTime":1769316885511,"endTime":1769316885514.3198,"status":"passed","message":"","name":"D:/SAUD - HPT CRM/leadify-frontend-main/test/components/projects/ProjectInfo.test.ts"},{"assertionResults":[{"ancestorTitles":["ReactEditor Integration"],"fullName":"ReactEditor Integration constructs correct URL for CREATE mode with token","status":"passed","title":"constructs correct URL for CREATE mode with token","duration":183.46140000000014,"failureMessages":[],"location":{"line":59,"column":5},"meta":{}},{"ancestorTitles":["ReactEditor Integration"],"fullName":"ReactEditor Integration constructs correct URL for EDIT mode","status":"passed","title":"constructs correct URL for EDIT mode","duration":14.054200000000037,"failureMessages":[],"location":{"line":72,"column":5},"meta":{}},{"ancestorTitles":["ReactEditor Integration"],"fullName":"ReactEditor Integration handles PROPOSAL_SAVED message correctly","status":"passed","title":"handles PROPOSAL_SAVED message correctly","duration":19.2199999999998,"failureMessages":[],"location":{"line":80,"column":5},"meta":{}},{"ancestorTitles":["ReactEditor Integration"],"fullName":"ReactEditor Integration ignores messages from unknown origins (Security)","status":"passed","title":"ignores messages from unknown origins (Security)","duration":12.155599999999595,"failureMessages":[],"location":{"line":94,"column":5},"meta":{}}],"startTime":1769316874575,"endTime":1769316874804.1555,"status":"passed","message":"","name":"D:/SAUD - HPT CRM/leadify-frontend-main/test/sales/proposals/ReactEditor.test.ts"}]}